mode: set
github.com/developernaren/go-tests/add/add.go:3.28,5.2 1 1
github.com/developernaren/go-tests/user/user.go:7.39,13.2 1 1
github.com/developernaren/go-tests/user/user.go:15.40,20.2 3 1
github.com/developernaren/go-tests/user/user.go:22.36,23.29 1 0
github.com/developernaren/go-tests/user/user.go:28.2,28.12 1 0
github.com/developernaren/go-tests/user/user.go:23.29,24.24 1 0
github.com/developernaren/go-tests/user/user.go:24.24,26.4 1 0
github.com/developernaren/go-tests/user/user.go:31.32,32.29 1 1
github.com/developernaren/go-tests/user/user.go:37.2,37.12 1 0
github.com/developernaren/go-tests/user/user.go:32.29,33.20 1 1
github.com/developernaren/go-tests/user/user.go:33.20,35.4 1 1
github.com/developernaren/go-tests/user/user.go:40.29,41.23 1 1
github.com/developernaren/go-tests/user/user.go:47.2,47.14 1 0
github.com/developernaren/go-tests/user/user.go:41.23,42.29 1 1
github.com/developernaren/go-tests/user/user.go:42.29,45.4 2 1
github.com/developernaren/go-tests/user/user.go:50.33,51.23 1 0
github.com/developernaren/go-tests/user/user.go:58.2,58.14 1 0
github.com/developernaren/go-tests/user/user.go:51.23,52.24 1 0
github.com/developernaren/go-tests/user/user.go:52.24,56.4 3 0
github.com/developernaren/go-tests/user/user.go:61.22,64.2 1 1
